<?xml version="1.0" encoding="UTF-8"?><oal:observations version="2.1" xmlns:oal="http://groups.google.com/group/openastronomylog" xmlns:xsi="http://www.w3.org/2001/XMLSchema-instance" xsi:schemaLocation="http://groups.google.com/group/openastronomylog oal21.xsd"><observers><observer id="OM6de54ac4060e49e1ad1a2b1832646b1c"><name><![CDATA[Jose Antonio]]></name><surname><![CDATA[Capape gil]]></surname><contact><![CDATA[capapegil@gmail.com]]></contact></observer></observers><sites><site id="OM342792deb31f4ad2b739a0c5562a529c"><name><![CDATA[Sant Quitze]]></name><longitude unit="deg">2.0763263</longitude><latitude unit="deg">41.5325736</latitude><elevation>150.0</elevation><timezone>60</timezone></site></sites><sessions><session id="OM66d8d4502364411e8f8bc1b5db6bf50d" lang="es"><begin>2020-04-25T12:45:03+01:00</begin><end>2020-04-25T15:30:00+01:00</end><site>OM342792deb31f4ad2b739a0c5562a529c</site><coObserver>OM6de54ac4060e49e1ad1a2b1832646b1c</coObserver><weather><![CDATA[Soleado]]></weather><image><![CDATA[/home/acapape/ImÃ¡genes/eclipse2019/20190121_054740.jpg]]></image></session></sessions><targets><target id="OMcf79447d803342c79c03fef90949484f" xsi:type="oal:starTargetType"><observer>OM6de54ac4060e49e1ad1a2b1832646b1c</observer><name><![CDATA[SOL]]></name><notes></notes></target></targets><scopes><scope id="OM5df18404ee9345388911c0620249938d" xsi:type="oal:scopeType"><model><![CDATA[XT6 Plus]]></model><vendor><![CDATA[Orion]]></vendor><aperture>150.0</aperture><focalLength>1200.0</focalLength></scope></scopes><eyepieces><eyepiece id="OM77c41b3832c84fcca294e58a320edf38"><model><![CDATA[Orion Possl 25mm]]></model><vendor><![CDATA[Orion]]></vendor><focalLength>25.0</focalLength><apparentFOV unit="arcmin">3120.0</apparentFOV></eyepiece></eyepieces><lenses/><filters><filter id="OM419cd4adc98843f4b5464de55a2fe064"><model><![CDATA[Solar]]></model><vendor><![CDATA[Orion]]></vendor><type><![CDATA[solar]]></type></filter></filters><imagers/><observation id="OMe3766b947e304071b78b56161aef97a3"><observer>OM6de54ac4060e49e1ad1a2b1832646b1c</observer><site>OM342792deb31f4ad2b739a0c5562a529c</site><session>OM66d8d4502364411e8f8bc1b5db6bf50d</session><target>OMcf79447d803342c79c03fef90949484f</target><begin>2020-04-25T12:45:03+01:00</begin><scope>OM5df18404ee9345388911c0620249938d</scope><eyepiece>OM77c41b3832c84fcca294e58a320edf38</eyepiece><filter>OM419cd4adc98843f4b5464de55a2fe064</filter><magnification>48.0</magnification><result lang="es" xsi:type="oal:findingsType"><description></description></result></observation></oal:observations>